This file contains any messages produced by compilers while
running configure, to aid debugging if configure makes a mistake.

It was created by configure, which was
generated by GNU Autoconf 2.59.  Invocation command line was

  $ ./configure --enable-hello

## --------- ##
## Platform. ##
## --------- ##

hostname = tripbelldoes-dr.eglbp.corp.yahoo.com
uname -m = i686
uname -r = 2.6.9-89.35.1.EL.YAHOO.20110221
uname -s = Linux
uname -v = #1 Mon Feb 21 22:22:38 CST 2011

/usr/bin/uname -p = unknown
/bin/uname -X     = unknown

/bin/arch              = i686
/usr/bin/arch -k       = unknown
/usr/convex/getsysinfo = unknown
hostinfo               = unknown
/bin/machine           = unknown
/usr/bin/oslevel       = unknown
/bin/universe          = unknown

PATH: /usr/kerberos/bin
PATH: /usr/local/sbin
PATH: /usr/sbin
PATH: /sbin
PATH: /home/y/bin
PATH: /usr/local/bin
PATH: /usr/bin
PATH: /bin
PATH: /usr/X11R6/bin
PATH: /home/dtelkar/bin
PATH: /home/dtelkar/bin


## ----------- ##
## Core tests. ##
## ----------- ##

configure:1481: checking for egrep
configure:1491: result: grep -E
configure:1496: checking for a sed that does not truncate output
configure:1550: result: /bin/sed
configure:1680: checking for cc
configure:1696: found /usr/bin/cc
configure:1706: result: cc
configure:1727: checking for C compiler version
configure:1730: cc --version </dev/null >&5
cc (GCC) 3.4.6 20060404 (Red Hat 3.4.6-11)
Copyright (C) 2006 Free Software Foundation, Inc.
This is free software; see the source for copying conditions.  There is NO
warranty; not even for MERCHANTABILITY or FITNESS FOR A PARTICULAR PURPOSE.

configure:1733: $? = 0
configure:1735: cc -v </dev/null >&5
Reading specs from /usr/lib/gcc/i386-redhat-linux/3.4.6/specs
Configured with: ../configure --prefix=/usr --mandir=/usr/share/man --infodir=/usr/share/info --enable-shared --enable-threads=posix --disable-checking --with-system-zlib --enable-__cxa_atexit --disable-libunwind-exceptions --enable-java-awt=gtk --host=i386-redhat-linux
Thread model: posix
gcc version 3.4.6 20060404 (Red Hat 3.4.6-11)
configure:1738: $? = 0
configure:1740: cc -V </dev/null >&5
cc: `-V' option must have argument
configure:1743: $? = 1
configure:1766: checking for C compiler default output file name
configure:1769: cc    conftest.c  >&5
configure:1772: $? = 0
configure:1818: result: a.out
configure:1823: checking whether the C compiler works
configure:1829: ./a.out
configure:1832: $? = 0
configure:1849: result: yes
configure:1856: checking whether we are cross compiling
configure:1858: result: no
configure:1861: checking for suffix of executables
configure:1863: cc -o conftest    conftest.c  >&5
configure:1866: $? = 0
configure:1891: result: 
configure:1897: checking for suffix of object files
configure:1918: cc -c   conftest.c >&5
configure:1921: $? = 0
configure:1943: result: o
configure:1947: checking whether we are using the GNU C compiler
configure:1971: cc -c   conftest.c >&5
configure:1977: $? = 0
configure:1981: test -z 
			 || test ! -s conftest.err
configure:1984: $? = 0
configure:1987: test -s conftest.o
configure:1990: $? = 0
configure:2003: result: yes
configure:2009: checking whether cc accepts -g
configure:2030: cc -c -g  conftest.c >&5
configure:2036: $? = 0
configure:2040: test -z 
			 || test ! -s conftest.err
configure:2043: $? = 0
configure:2046: test -s conftest.o
configure:2049: $? = 0
configure:2060: result: yes
configure:2077: checking for cc option to accept ANSI C
configure:2147: cc  -c -g -O2  conftest.c >&5
configure:2153: $? = 0
configure:2157: test -z 
			 || test ! -s conftest.err
configure:2160: $? = 0
configure:2163: test -s conftest.o
configure:2166: $? = 0
configure:2184: result: none needed
configure:2202: cc -c -g -O2  conftest.c >&5
conftest.c:2: error: syntax error before "me"
configure:2208: $? = 1
configure: failed program was:
| #ifndef __cplusplus
|   choke me
| #endif
configure:2347: checking how to run the C preprocessor
configure:2382: cc -E  conftest.c
configure:2388: $? = 0
configure:2420: cc -E  conftest.c
conftest.c:9:28: ac_nonexistent.h: No such file or directory
configure:2426: $? = 1
configure: failed program was:
| /* confdefs.h.  */
| 
| #define PACKAGE_NAME ""
| #define PACKAGE_TARNAME ""
| #define PACKAGE_VERSION ""
| #define PACKAGE_STRING ""
| #define PACKAGE_BUGREPORT ""
| /* end confdefs.h.  */
| #include <ac_nonexistent.h>
configure:2465: result: cc -E
configure:2489: cc -E  conftest.c
configure:2495: $? = 0
configure:2527: cc -E  conftest.c
conftest.c:9:28: ac_nonexistent.h: No such file or directory
configure:2533: $? = 1
configure: failed program was:
| /* confdefs.h.  */
| 
| #define PACKAGE_NAME ""
| #define PACKAGE_TARNAME ""
| #define PACKAGE_VERSION ""
| #define PACKAGE_STRING ""
| #define PACKAGE_BUGREPORT ""
| /* end confdefs.h.  */
| #include <ac_nonexistent.h>
configure:2579: checking for icc
configure:2592: result: no
configure:2606: checking for suncc
configure:2619: result: no
configure:2637: checking whether cc understands -c and -o together
configure:2664: cc -c conftest.c -o conftest.o >&5
configure:2667: $? = 0
configure:2669: cc -c conftest.c -o conftest.o >&5
configure:2672: $? = 0
configure:2711: result: yes
configure:2727: checking for system library directory
configure:2745: result: lib
configure:2752: checking if compiler supports -R
configure:2776: cc -o conftest -g -O2   conftest.c -R /usr/lib  >&5
cc: unrecognized option `-R'
/usr/lib: file not recognized: Is a directory
collect2: ld returned 1 exit status
configure:2782: $? = 1
configure: failed program was:
| /* confdefs.h.  */
| 
| #define PACKAGE_NAME ""
| #define PACKAGE_TARNAME ""
| #define PACKAGE_VERSION ""
| #define PACKAGE_STRING ""
| #define PACKAGE_BUGREPORT ""
| /* end confdefs.h.  */
| 
| int
| main ()
| {
| 
|   ;
|   return 0;
| }
configure:2809: result: no
configure:2814: checking if compiler supports -Wl,-rpath,
configure:2838: cc -o conftest -g -O2   conftest.c -Wl,-rpath,/usr/lib  >&5
configure:2844: $? = 0
configure:2848: test -z 
			 || test ! -s conftest.err
configure:2851: $? = 0
configure:2854: test -s conftest
configure:2857: $? = 0
configure:2871: result: yes
configure:2914: checking build system type
configure:2932: result: i686-pc-linux-gnu
configure:2940: checking host system type
configure:2954: result: i686-pc-linux-gnu
configure:2962: checking target system type
configure:2976: result: i686-pc-linux-gnu
configure:3074: checking for PHP prefix
configure:3076: result: /home/y
configure:3078: checking for PHP includes
configure:3080: result: -I/home/y/include/php -I/home/y/include/php/main -I/home/y/include/php/TSRM -I/home/y/include/php/Zend -I/home/y/include/php/ext -I/home/y/include/php/ext/date/lib
configure:3082: checking for PHP extension directory
configure:3084: result: /home/y/lib/php/20060613
configure:3086: checking for PHP installed headers prefix
configure:3088: result: /home/y/include/php
configure:3091: checking if debug is enabled
configure:3121: result: no
configure:3124: checking if zts is enabled
configure:3154: result: no
configure:3236: checking for re2c
configure:3265: result: no
configure:3289: WARNING: You will need re2c 0.13.4 or later if you want to regenerate PHP parsers.
configure:3303: checking for gawk
configure:3320: found /usr/bin/gawk
configure:3330: result: gawk
configure:3377: checking whether to enable Hello
World support
configure:3420: result: yes, shared
configure:3812: checking for ld used by cc
configure:3879: result: /usr/bin/ld
configure:3888: checking if the linker (/usr/bin/ld) is GNU ld
configure:3903: result: yes
configure:3908: checking for /usr/bin/ld option to reload object files
configure:3915: result: -r
configure:3933: checking for BSD-compatible nm
configure:3975: result: /usr/bin/nm -B
configure:3979: checking whether ln -s works
configure:3983: result: yes
configure:3990: checking how to recognise dependent libraries
configure:4162: result: pass_all
configure:4369: checking for ANSI C header files
configure:4394: cc -c -g -O2  conftest.c >&5
configure:4400: $? = 0
configure:4404: test -z 
			 || test ! -s conftest.err
configure:4407: $? = 0
configure:4410: test -s conftest.o
configure:4413: $? = 0
configure:4502: cc -o conftest -g -O2   conftest.c  >&5
configure:4505: $? = 0
configure:4507: ./conftest
configure:4510: $? = 0
configure:4525: result: yes
configure:4549: checking for sys/types.h
configure:4565: cc -c -g -O2  conftest.c >&5
configure:4571: $? = 0
configure:4575: test -z 
			 || test ! -s conftest.err
configure:4578: $? = 0
configure:4581: test -s conftest.o
configure:4584: $? = 0
configure:4595: result: yes
configure:4549: checking for sys/stat.h
configure:4565: cc -c -g -O2  conftest.c >&5
configure:4571: $? = 0
configure:4575: test -z 
			 || test ! -s conftest.err
configure:4578: $? = 0
configure:4581: test -s conftest.o
configure:4584: $? = 0
configure:4595: result: yes
configure:4549: checking for stdlib.h
configure:4565: cc -c -g -O2  conftest.c >&5
configure:4571: $? = 0
configure:4575: test -z 
			 || test ! -s conftest.err
configure:4578: $? = 0
configure:4581: test -s conftest.o
configure:4584: $? = 0
configure:4595: result: yes
configure:4549: checking for string.h
configure:4565: cc -c -g -O2  conftest.c >&5
configure:4571: $? = 0
configure:4575: test -z 
			 || test ! -s conftest.err
configure:4578: $? = 0
configure:4581: test -s conftest.o
configure:4584: $? = 0
configure:4595: result: yes
configure:4549: checking for memory.h
configure:4565: cc -c -g -O2  conftest.c >&5
configure:4571: $? = 0
configure:4575: test -z 
			 || test ! -s conftest.err
configure:4578: $? = 0
configure:4581: test -s conftest.o
configure:4584: $? = 0
configure:4595: result: yes
configure:4549: checking for strings.h
configure:4565: cc -c -g -O2  conftest.c >&5
configure:4571: $? = 0
configure:4575: test -z 
			 || test ! -s conftest.err
configure:4578: $? = 0
configure:4581: test -s conftest.o
configure:4584: $? = 0
configure:4595: result: yes
configure:4549: checking for inttypes.h
configure:4565: cc -c -g -O2  conftest.c >&5
configure:4571: $? = 0
configure:4575: test -z 
			 || test ! -s conftest.err
configure:4578: $? = 0
configure:4581: test -s conftest.o
configure:4584: $? = 0
configure:4595: result: yes
configure:4549: checking for stdint.h
configure:4565: cc -c -g -O2  conftest.c >&5
configure:4571: $? = 0
configure:4575: test -z 
			 || test ! -s conftest.err
configure:4578: $? = 0
configure:4581: test -s conftest.o
configure:4584: $? = 0
configure:4595: result: yes
configure:4549: checking for unistd.h
configure:4565: cc -c -g -O2  conftest.c >&5
configure:4571: $? = 0
configure:4575: test -z 
			 || test ! -s conftest.err
configure:4578: $? = 0
configure:4581: test -s conftest.o
configure:4584: $? = 0
configure:4595: result: yes
configure:4621: checking dlfcn.h usability
configure:4633: cc -c -g -O2  conftest.c >&5
configure:4639: $? = 0
configure:4643: test -z 
			 || test ! -s conftest.err
configure:4646: $? = 0
configure:4649: test -s conftest.o
configure:4652: $? = 0
configure:4662: result: yes
configure:4666: checking dlfcn.h presence
configure:4676: cc -E  conftest.c
configure:4682: $? = 0
configure:4702: result: yes
configure:4737: checking for dlfcn.h
configure:4744: result: yes
configure:4771: checking the maximum length of command line arguments
configure:4863: result: 32768
configure:4874: checking command to parse /usr/bin/nm -B output from cc object
configure:4970: cc -c -g -O2  conftest.c >&5
configure:4973: $? = 0
configure:4977: /usr/bin/nm -B conftest.o \| sed -n -e 's/^.*[ 	]\([ABCDGIRSTW][ABCDGIRSTW]*\)[ 	][ 	]*\([_A-Za-z][_A-Za-z0-9]*\)$/\1 \2 \2/p' \> conftest.nm
configure:4980: $? = 0
configure:5032: cc -o conftest -g -O2   conftest.c conftstm.o >&5
configure:5035: $? = 0
configure:5073: result: ok
configure:5077: checking for objdir
configure:5092: result: .libs
configure:5182: checking for ar
configure:5198: found /usr/bin/ar
configure:5209: result: ar
configure:5262: checking for ranlib
configure:5278: found /usr/bin/ranlib
configure:5289: result: ranlib
configure:5342: checking for strip
configure:5358: found /usr/bin/strip
configure:5369: result: strip
configure:5658: checking if cc static flag  works
configure:5686: result: yes
configure:5708: checking if cc supports -fno-rtti -fno-exceptions
configure:5726: cc -c -g -O2  -fno-rtti -fno-exceptions conftest.c >&5
cc1: warning: command line option "-fno-rtti" is valid for C++/ObjC++ but not for C
configure:5730: $? = 0
configure:5743: result: no
configure:5758: checking for cc option to produce PIC
configure:5970: result: -fPIC
configure:5978: checking if cc PIC flag -fPIC works
configure:5996: cc -c -g -O2  -fPIC -DPIC conftest.c >&5
configure:6000: $? = 0
configure:6013: result: yes
configure:6037: checking if cc supports -c -o file.o
configure:6058: cc -c -g -O2  -o out/conftest2.o conftest.c >&5
configure:6062: $? = 0
configure:6084: result: yes
configure:6110: checking whether the cc linker (/usr/bin/ld) supports shared libraries
configure:6954: result: yes
configure:6980: checking whether -lc should be explicitly linked in
configure:6985: cc -c -g -O2  conftest.c >&5
configure:6988: $? = 0
configure:7002: cc -shared conftest.o  -v -Wl,-soname -Wl,conftest -o conftest 2\>\&1 \| grep  -lc  \>/dev/null 2\>\&1
configure:7005: $? = 0
configure:7017: result: no
configure:7025: checking dynamic linker characteristics
configure:7600: result: GNU/Linux ld.so
configure:7604: checking how to hardcode library paths into programs
configure:7629: result: immediate
configure:7643: checking whether stripping libraries is possible
configure:7648: result: yes
configure:8478: checking if libtool supports shared libraries
configure:8480: result: yes
configure:8483: checking whether to build shared libraries
configure:8504: result: yes
configure:8507: checking whether to build static libraries
configure:8511: result: no
configure:8604: result:
creating libtool
configure:12967: creating ./config.status

## ---------------------- ##
## Running config.status. ##
## ---------------------- ##

This file was extended by config.status, which was
generated by GNU Autoconf 2.59.  Invocation command line was

  CONFIG_FILES    = 
  CONFIG_HEADERS  = 
  CONFIG_LINKS    = 
  CONFIG_COMMANDS = 
  $ ./config.status 

on tripbelldoes-dr.eglbp.corp.yahoo.com

config.status:454: creating config.h
config.status:562: config.h is unchanged

## ---------------- ##
## Cache variables. ##
## ---------------- ##

ac_cv_build=i686-pc-linux-gnu
ac_cv_build_alias=i686-pc-linux-gnu
ac_cv_c_compiler_gnu=yes
ac_cv_env_CC_set=
ac_cv_env_CC_value=
ac_cv_env_CFLAGS_set=
ac_cv_env_CFLAGS_value=
ac_cv_env_CPPFLAGS_set=
ac_cv_env_CPPFLAGS_value=
ac_cv_env_CPP_set=
ac_cv_env_CPP_value=
ac_cv_env_LDFLAGS_set=
ac_cv_env_LDFLAGS_value=
ac_cv_env_build_alias_set=
ac_cv_env_build_alias_value=
ac_cv_env_host_alias_set=
ac_cv_env_host_alias_value=
ac_cv_env_target_alias_set=
ac_cv_env_target_alias_value=
ac_cv_exeext=
ac_cv_header_dlfcn_h=yes
ac_cv_header_inttypes_h=yes
ac_cv_header_memory_h=yes
ac_cv_header_stdc=yes
ac_cv_header_stdint_h=yes
ac_cv_header_stdlib_h=yes
ac_cv_header_string_h=yes
ac_cv_header_strings_h=yes
ac_cv_header_sys_stat_h=yes
ac_cv_header_sys_types_h=yes
ac_cv_header_unistd_h=yes
ac_cv_host=i686-pc-linux-gnu
ac_cv_host_alias=i686-pc-linux-gnu
ac_cv_objext=o
ac_cv_prog_AWK=gawk
ac_cv_prog_CPP='cc -E'
ac_cv_prog_ac_ct_AR=ar
ac_cv_prog_ac_ct_CC=cc
ac_cv_prog_ac_ct_RANLIB=ranlib
ac_cv_prog_ac_ct_STRIP=strip
ac_cv_prog_cc_cc_c_o=yes
ac_cv_prog_cc_g=yes
ac_cv_prog_cc_stdc=
ac_cv_prog_egrep='grep -E'
ac_cv_target=i686-pc-linux-gnu
ac_cv_target_alias=i686-pc-linux-gnu
lt_cv_deplibs_check_method=pass_all
lt_cv_file_magic_cmd='$MAGIC_CMD'
lt_cv_file_magic_test_file=
lt_cv_ld_reload_flag=-r
lt_cv_objdir=.libs
lt_cv_path_LD=/usr/bin/ld
lt_cv_path_NM='/usr/bin/nm -B'
lt_cv_path_SED=/bin/sed
lt_cv_prog_compiler_c_o=yes
lt_cv_prog_compiler_rtti_exceptions=no
lt_cv_prog_gnu_ld=yes
lt_cv_sys_global_symbol_pipe='sed -n -e '\''s/^.*[ 	]\([ABCDGIRSTW][ABCDGIRSTW]*\)[ 	][ 	]*\([_A-Za-z][_A-Za-z0-9]*\)$/\1 \2 \2/p'\'''
lt_cv_sys_global_symbol_to_c_name_address='sed -n -e '\''s/^: \([^ ]*\) $/  {\"\1\", (lt_ptr) 0},/p'\'' -e '\''s/^[BCDEGRST] \([^ ]*\) \([^ ]*\)$/  {"\2", (lt_ptr) \&\2},/p'\'''
lt_cv_sys_global_symbol_to_cdecl='sed -n -e '\''s/^. .* \(.*\)$/extern int \1;/p'\'''
lt_cv_sys_max_cmd_len=32768
lt_lt_cv_prog_compiler_c_o='"yes"'
lt_lt_cv_sys_global_symbol_pipe='"sed -n -e '\''s/^.*[ 	]\\([ABCDGIRSTW][ABCDGIRSTW]*\\)[ 	][ 	]*\\([_A-Za-z][_A-Za-z0-9]*\\)\$/\\1 \\2 \\2/p'\''"'
lt_lt_cv_sys_global_symbol_to_c_name_address='"sed -n -e '\''s/^: \\([^ ]*\\) \$/  {\\\"\\1\\\", (lt_ptr) 0},/p'\'' -e '\''s/^[BCDEGRST] \\([^ ]*\\) \\([^ ]*\\)\$/  {\"\\2\", (lt_ptr) \\&\\2},/p'\''"'
lt_lt_cv_sys_global_symbol_to_cdecl='"sed -n -e '\''s/^. .* \\(.*\\)\$/extern int \\1;/p'\''"'
php_cv_cc_dashr=no
php_cv_cc_rpath=yes

## ----------------- ##
## Output variables. ##
## ----------------- ##

AR='ar'
AWK='gawk'
CC='cc'
CFLAGS='-g -O2'
CONFIGURE_COMMAND=' './configure'  '--enable-hello''
CONFIGURE_OPTIONS=' '--enable-hello''
CPP='cc -E'
CPPFLAGS=' -DHAVE_CONFIG_H'
DEFS='-DHAVE_CONFIG_H'
ECHO='echo'
ECHO_C=''
ECHO_N='-n'
ECHO_T=''
EGREP='grep -E'
EXEEXT=''
LDFLAGS=''
LIBOBJS=''
LIBS=''
LIBTOOL='$(SHELL) $(top_builddir)/libtool'
LN_S='ln -s'
LTLIBOBJS=''
OBJEXT='o'
PACKAGE_BUGREPORT=''
PACKAGE_NAME=''
PACKAGE_STRING=''
PACKAGE_TARNAME=''
PACKAGE_VERSION=''
PATH_SEPARATOR=':'
RANLIB='ranlib'
RE2C='exit 0;'
SED='/bin/sed'
SHELL='/bin/sh'
SHLIB_DL_SUFFIX_NAME='so'
SHLIB_SUFFIX_NAME='so'
STRIP='strip'
ac_ct_AR='ar'
ac_ct_CC='cc'
ac_ct_RANLIB='ranlib'
ac_ct_STRIP='strip'
bindir='${exec_prefix}/bin'
build='i686-pc-linux-gnu'
build_alias=''
build_cpu='i686'
build_os='linux-gnu'
build_vendor='pc'
datadir='${prefix}/share'
exec_prefix='$(prefix)'
host='i686-pc-linux-gnu'
host_alias='i686-pc-linux-gnu'
host_cpu='i686'
host_os='linux-gnu'
host_vendor='pc'
includedir='${prefix}/include'
infodir='${prefix}/info'
libdir='${exec_prefix}/lib'
libexecdir='${exec_prefix}/libexec'
localstatedir='${prefix}/var'
mandir='${prefix}/man'
oldincludedir='/usr/include'
prefix='/home/y'
program_transform_name='s,x,x,'
sbindir='${exec_prefix}/sbin'
sharedstatedir='${prefix}/com'
sysconfdir='${prefix}/etc'
target='i686-pc-linux-gnu'
target_alias=''
target_cpu='i686'
target_os='linux-gnu'
target_vendor='pc'

## ----------- ##
## confdefs.h. ##
## ----------- ##

#define COMPILE_DL_HELLO 1
#define HAVE_DLFCN_H 1
#define HAVE_HELLO 1
#define HAVE_INTTYPES_H 1
#define HAVE_MEMORY_H 1
#define HAVE_STDINT_H 1
#define HAVE_STDLIB_H 1
#define HAVE_STRINGS_H 1
#define HAVE_STRING_H 1
#define HAVE_SYS_STAT_H 1
#define HAVE_SYS_TYPES_H 1
#define HAVE_UNISTD_H 1
#define PACKAGE_BUGREPORT ""
#define PACKAGE_NAME ""
#define PACKAGE_STRING ""
#define PACKAGE_TARNAME ""
#define PACKAGE_VERSION ""
#define STDC_HEADERS 1

configure: exit 0
